<?xml version="1.0" encoding="UTF-8"?>
<testng-results ignored="0" total="1" passed="1" failed="0" skipped="0">
  <reporter-output>
  </reporter-output>
  <suite started-at="2024-03-27T21:00:33 IST" name="Default suite" finished-at="2024-03-27T21:00:41 IST" duration-ms="7390">
    <groups>
    </groups>
    <test started-at="2024-03-27T21:00:33 IST" name="Default test" finished-at="2024-03-27T21:00:41 IST" duration-ms="7390">
      <class name="MindPeace.MindPeace.GetAllUrlsOnPage">
        <test-method is-config="true" signature="googlelaunch()[pri:0, instance:MindPeace.MindPeace.GetAllUrlsOnPage@7b36aa0c]" started-at="2024-03-27T21:00:33 IST" name="googlelaunch" finished-at="2024-03-27T21:00:40 IST" duration-ms="6305" status="PASS">
          <reporter-output>
          </reporter-output>
        </test-method> <!-- googlelaunch -->
        <test-method signature="getAllURLsOnPage()[pri:1, instance:MindPeace.MindPeace.GetAllUrlsOnPage@7b36aa0c]" started-at="2024-03-27T21:00:40 IST" name="getAllURLsOnPage" finished-at="2024-03-27T21:00:41 IST" duration-ms="970" status="PASS">
          <reporter-output>
          </reporter-output>
        </test-method> <!-- getAllURLsOnPage -->
        <test-method is-config="true" signature="tearDownEnv()[pri:0, instance:MindPeace.MindPeace.GetAllUrlsOnPage@7b36aa0c]" started-at="2024-03-27T21:00:41 IST" name="tearDownEnv" finished-at="2024-03-27T21:00:42 IST" duration-ms="673" status="PASS">
          <reporter-output>
          </reporter-output>
        </test-method> <!-- tearDownEnv -->
      </class> <!-- MindPeace.MindPeace.GetAllUrlsOnPage -->
    </test> <!-- Default test -->
  </suite> <!-- Default suite -->
</testng-results>
