<?xml version="1.0" encoding="UTF-8"?>
<testng-results ignored="0" total="1" passed="1" failed="0" skipped="0">
  <reporter-output>
  </reporter-output>
  <suite started-at="2024-05-09T17:56:30 IST" name="Default suite" finished-at="2024-05-09T17:57:07 IST" duration-ms="36298">
    <groups>
    </groups>
    <test started-at="2024-05-09T17:56:30 IST" name="Default test" finished-at="2024-05-09T17:57:07 IST" duration-ms="36298">
      <class name="com.ITLearn.testCases.DashboardTest">
        <test-method is-config="true" signature="setUp()[pri:0, instance:com.ITLearn.testCases.DashboardTest@54422e18]" started-at="2024-05-09T17:56:30 IST" name="setUp" finished-at="2024-05-09T17:56:39 IST" duration-ms="8389" status="PASS">
          <reporter-output>
          </reporter-output>
        </test-method> <!-- setUp -->
        <test-method signature="verifyDashboard()[pri:4, instance:com.ITLearn.testCases.DashboardTest@54422e18]" started-at="2024-05-09T17:56:39 IST" name="verifyDashboard" finished-at="2024-05-09T17:57:06 IST" duration-ms="26855" status="PASS">
          <reporter-output>
          </reporter-output>
        </test-method> <!-- verifyDashboard -->
        <test-method is-config="true" signature="tearDown()[pri:0, instance:com.ITLearn.testCases.DashboardTest@54422e18]" started-at="2024-05-09T17:57:06 IST" name="tearDown" finished-at="2024-05-09T17:57:07 IST" duration-ms="966" status="PASS">
          <reporter-output>
          </reporter-output>
        </test-method> <!-- tearDown -->
      </class> <!-- com.ITLearn.testCases.DashboardTest -->
    </test> <!-- Default test -->
  </suite> <!-- Default suite -->
</testng-results>
